<?xml version="1.0" encoding="UTF-8"?>
<robot generator="Robot 7.0 (Python 3.12.5 on win32)" generated="2024-08-21T02:34:09.464479" rpa="false" schemaversion="5">
<suite id="s1" name="TC 001" source="C:\Users\User\PycharmProjects\RobotFrameworkProject\TestCases\TC_001.robot">
<test id="s1-t1" name="TC_001 Browser start and close" line="11">
<kw name="Open Browser" owner="SeleniumLibrary">
<msg time="2024-08-21T02:34:09.698936" level="INFO">Opening browser 'Firefox' to base url 'https://www.saucedemo.com'.</msg>
<arg>${url}</arg>
<arg>${browser}</arg>
<doc>Opens a new browser instance to the optional ``url``.</doc>
<status status="PASS" start="2024-08-21T02:34:09.697956" elapsed="7.542256"/>
</kw>
<kw name="Set Selenium Implicit Wait" owner="SeleniumLibrary">
<arg>5s</arg>
<doc>Sets the implicit wait value used by Selenium.</doc>
<status status="PASS" start="2024-08-21T02:34:17.240212" elapsed="0.003000"/>
</kw>
<kw name="Clear Element Text" owner="SeleniumLibrary">
<arg>id:user-name</arg>
<doc>Clears the value of the text-input-element identified by ``locator``.</doc>
<status status="PASS" start="2024-08-21T02:34:17.244211" elapsed="0.020999"/>
</kw>
<kw name="Input Text" owner="SeleniumLibrary">
<msg time="2024-08-21T02:34:17.266282" level="INFO">Typing text 'standard_user' into text field 'id:user-name'.</msg>
<arg>id:user-name</arg>
<arg>standard_user</arg>
<doc>Types the given ``text`` into the text field identified by ``locator``.</doc>
<status status="PASS" start="2024-08-21T02:34:17.265210" elapsed="0.066059"/>
</kw>
<kw name="Clear Element Text" owner="SeleniumLibrary">
<arg>id:password</arg>
<doc>Clears the value of the text-input-element identified by ``locator``.</doc>
<status status="PASS" start="2024-08-21T02:34:17.331269" elapsed="0.007000"/>
</kw>
<kw name="Input Text" owner="SeleniumLibrary">
<msg time="2024-08-21T02:34:17.339269" level="INFO">Typing text 'secret_sauce' into text field 'id:password'.</msg>
<arg>id:password</arg>
<arg>secret_sauce</arg>
<doc>Types the given ``text`` into the text field identified by ``locator``.</doc>
<status status="PASS" start="2024-08-21T02:34:17.339269" elapsed="0.019999"/>
</kw>
<kw name="Click Element" owner="SeleniumLibrary">
<msg time="2024-08-21T02:34:17.359268" level="INFO">Clicking element 'id:login-button'.</msg>
<arg>id:login-button</arg>
<doc>Click the element identified by ``locator``.</doc>
<status status="PASS" start="2024-08-21T02:34:17.359268" elapsed="0.255142"/>
</kw>
<kw name="Close Browser" owner="SeleniumLibrary">
<doc>Closes the current browser.</doc>
<status status="PASS" start="2024-08-21T02:34:17.614410" elapsed="3.123897"/>
</kw>
<status status="PASS" start="2024-08-21T02:34:09.697433" elapsed="11.041103"/>
</test>
<status status="PASS" start="2024-08-21T02:34:09.479436" elapsed="11.259100"/>
</suite>
<statistics>
<total>
<stat pass="1" fail="0" skip="0">All Tests</stat>
</total>
<tag>
</tag>
<suite>
<stat pass="1" fail="0" skip="0" id="s1" name="TC 001">TC 001</stat>
</suite>
</statistics>
<errors>
</errors>
</robot>
